2017-03-22 19:26:50 EXEC TRACE - Model executor started.
2017-03-22 19:26:50 EXEC TRACE - VendingMachine@obj0 leaves initial:Init
2017-03-22 19:26:50 EXEC TRACE - VendingMachine@obj0 uses transition:Initialize
2017-03-22 19:26:50 USER  INFO - Starting to chose.
2017-03-22 19:26:50 EXEC TRACE - VendingMachine@obj0 enters state:SelectOrder
2017-03-22 19:27:00 EXEC TRACE - VendingMachine@obj0 processes signal:ClickOnOrder
2017-03-22 19:27:00 EXEC TRACE - VendingMachine@obj0 leaves state:SelectOrder
2017-03-22 19:27:00 EXEC TRACE - VendingMachine@obj0 uses transition:ChoseOrder
2017-03-22 19:27:00 EXEC TRACE - VendingMachine@obj0 enters choice:CheckTicket
2017-03-22 19:27:00 EXEC TRACE - VendingMachine@obj0 leaves choice:CheckTicket
2017-03-22 19:27:00 EXEC TRACE - VendingMachine@obj0 uses transition:NotFind
2017-03-22 19:27:00 EXEC TRACE - VendingMachine@obj0 enters state:NotAvailable
2017-03-22 19:27:00 EXEC TRACE - VendingMachine@obj0 processes signal:Stop
2017-03-22 19:27:00 EXEC TRACE - VendingMachine@obj0 leaves state:NotAvailable
2017-03-22 19:27:00 EXEC TRACE - VendingMachine@obj0 uses transition:Stopping
2017-03-22 19:27:00 EXEC TRACE - VendingMachine@obj0 enters state:Cancel
2017-03-22 19:27:14 EXEC TRACE - VendingMachine@obj0 processes signal:ClickOnOrder
2017-03-22 19:27:14 EXEC  WARN - A signal arrived to model object VendingMachine@obj0 but it was not processed by the object's state machine. The signal was: signal:ClickOnOrder
2017-03-22 19:27:14 EXEC TRACE - VendingMachine@obj0 processes signal:ClickOnOrder
2017-03-22 19:27:14 EXEC  WARN - A signal arrived to model object VendingMachine@obj0 but it was not processed by the object's state machine. The signal was: signal:ClickOnOrder
2017-03-22 19:27:14 EXEC TRACE - VendingMachine@obj0 processes signal:Reselect
2017-03-22 19:27:14 EXEC  WARN - A signal arrived to model object VendingMachine@obj0 but it was not processed by the object's state machine. The signal was: signal:Reselect
2017-03-22 19:27:34 EXEC TRACE - Model executor started.
2017-03-22 19:27:34 EXEC TRACE - VendingMachine@obj0 processes signal:ClickOnOrder
2017-03-22 19:27:34 EXEC  WARN - A signal arrived to model object VendingMachine@obj0 but it was not processed by the object's state machine. The signal was: signal:ClickOnOrder
2017-03-22 19:27:34 EXEC TRACE - VendingMachine@obj0 processes signal:Reselect
2017-03-22 19:27:34 EXEC  WARN - A signal arrived to model object VendingMachine@obj0 but it was not processed by the object's state machine. The signal was: signal:Reselect
2017-03-22 19:27:34 EXEC TRACE - VendingMachine@obj1 leaves initial:Init
2017-03-22 19:27:34 EXEC TRACE - VendingMachine@obj1 uses transition:Initialize
2017-03-22 19:27:34 USER  INFO - Starting to chose.
2017-03-22 19:27:34 EXEC TRACE - VendingMachine@obj1 enters state:SelectOrder
2017-03-22 19:28:21 EXEC TRACE - Model executor started.
2017-03-22 19:28:21 EXEC TRACE - VendingMachine@obj0 leaves initial:Init
2017-03-22 19:28:21 EXEC TRACE - VendingMachine@obj0 uses transition:Initialize
2017-03-22 19:28:21 USER  INFO - Starting to chose.
2017-03-22 19:28:21 EXEC TRACE - VendingMachine@obj0 enters state:SelectOrder
2017-03-22 21:26:53 EXEC TRACE - Model executor started.
2017-03-22 21:26:53 EXEC TRACE - VendingMachine@obj0 leaves initial:Init
2017-03-22 21:26:53 EXEC TRACE - VendingMachine@obj0 uses transition:Initialize
2017-03-22 21:26:53 USER  INFO - Starting to chose.
2017-03-22 21:26:53 EXEC TRACE - VendingMachine@obj0 enters state:SelectOrder
2017-03-29 20:28:27 EXEC TRACE - Model executor started.
2017-03-29 20:28:28 EXEC TRACE - Model executor started.
2017-03-29 20:28:29 EXEC TRACE - Model executor started.
2017-03-29 20:28:29 EXEC TRACE - Model executor started.
2017-03-29 20:28:30 EXEC TRACE - Model executor started.
2017-03-29 20:28:30 EXEC TRACE - VendingMachine@obj0 leaves initial:Init
2017-03-29 20:28:31 EXEC TRACE - VendingMachine@obj0 uses transition:Initialize
2017-03-29 20:28:31 USER  INFO - Starting to chose.
2017-03-29 20:28:31 EXEC TRACE - VendingMachine@obj0 enters state:SelectOrder
2017-03-29 20:28:31 EXEC TRACE - VendingMachine@obj0 leaves initial:Init
2017-03-29 20:28:31 EXEC TRACE - VendingMachine@obj0 uses transition:Initialize
2017-03-29 20:28:31 USER  INFO - Starting to chose.
2017-03-29 20:28:31 EXEC TRACE - VendingMachine@obj0 enters state:SelectOrder
2017-03-29 20:28:32 EXEC TRACE - VendingMachine@obj0 leaves initial:Init
2017-03-29 20:28:32 EXEC TRACE - VendingMachine@obj0 uses transition:Initialize
2017-03-29 20:28:32 USER  INFO - Starting to chose.
2017-03-29 20:28:32 EXEC TRACE - VendingMachine@obj0 enters state:SelectOrder
2017-03-29 20:28:32 EXEC TRACE - VendingMachine@obj0 leaves initial:Init
2017-03-29 20:28:32 EXEC TRACE - VendingMachine@obj0 uses transition:Initialize
2017-03-29 20:28:32 USER  INFO - Starting to chose.
2017-03-29 20:28:32 EXEC TRACE - VendingMachine@obj0 enters state:SelectOrder
2017-03-29 20:28:32 EXEC TRACE - VendingMachine@obj0 leaves initial:Init
2017-03-29 20:28:32 EXEC TRACE - VendingMachine@obj0 uses transition:Initialize
2017-03-29 20:28:32 USER  INFO - Starting to chose.
2017-03-29 20:28:32 EXEC TRACE - VendingMachine@obj0 enters state:SelectOrder
2017-03-29 20:28:32 EXEC TRACE - Model executor started.
2017-03-29 20:28:33 EXEC TRACE - VendingMachine@obj0 leaves initial:Init
2017-03-29 20:28:33 EXEC TRACE - VendingMachine@obj0 uses transition:Initialize
2017-03-29 20:28:33 USER  INFO - Starting to chose.
2017-03-29 20:28:33 EXEC TRACE - VendingMachine@obj0 enters state:SelectOrder
2017-03-29 20:29:41 EXEC TRACE - Model executor started.
2017-03-29 20:29:41 EXEC TRACE - VendingMachine@obj0 leaves initial:Init
2017-03-29 20:29:41 EXEC TRACE - VendingMachine@obj0 uses transition:Initialize
2017-03-29 20:29:41 USER  INFO - Starting to chose.
2017-03-29 20:29:41 EXEC TRACE - VendingMachine@obj0 enters state:SelectOrder
2017-03-30 15:56:15 EXEC TRACE - Model executor started.
2017-03-30 15:56:16 EXEC TRACE - VendingMachine@obj0 leaves initial:Init
2017-03-30 15:56:16 EXEC TRACE - VendingMachine@obj0 uses transition:Initialize
2017-03-30 15:56:16 USER  INFO - Starting to chose.
2017-03-30 15:56:16 EXEC TRACE - VendingMachine@obj0 enters state:SelectOrder
2017-03-30 15:56:26 EXEC TRACE - VendingMachine@obj0 processes signal:ClickOnOrder
2017-03-30 15:56:26 EXEC TRACE - VendingMachine@obj0 leaves state:SelectOrder
2017-03-30 15:56:26 EXEC TRACE - VendingMachine@obj0 uses transition:ChoseOrder
2017-03-30 15:56:26 EXEC TRACE - VendingMachine@obj0 enters choice:CheckTicket
2017-03-30 15:56:26 EXEC TRACE - VendingMachine@obj0 leaves choice:CheckTicket
2017-03-30 15:56:26 EXEC TRACE - VendingMachine@obj0 uses transition:NotFind
2017-03-30 15:56:26 EXEC TRACE - VendingMachine@obj0 enters state:NotAvailable
2017-03-30 15:56:26 EXEC TRACE - VendingMachine@obj0 processes signal:Stop
2017-03-30 15:56:26 EXEC TRACE - VendingMachine@obj0 leaves state:NotAvailable
2017-03-30 15:56:26 EXEC TRACE - VendingMachine@obj0 uses transition:Stopping
2017-03-30 15:56:26 EXEC TRACE - VendingMachine@obj0 enters state:Cancel
2017-03-30 15:57:15 EXEC TRACE - Model executor started.
2017-03-30 15:57:15 EXEC TRACE - VendingMachine@obj0 leaves initial:Init
2017-03-30 15:57:15 EXEC TRACE - VendingMachine@obj0 uses transition:Initialize
2017-03-30 15:57:15 USER  INFO - Starting to chose.
2017-03-30 15:57:15 EXEC TRACE - VendingMachine@obj0 enters state:SelectOrder
2017-03-30 15:57:20 EXEC TRACE - VendingMachine@obj0 processes signal:ClickOnOrder
2017-03-30 15:57:20 EXEC TRACE - VendingMachine@obj0 leaves state:SelectOrder
2017-03-30 15:57:20 EXEC TRACE - VendingMachine@obj0 uses transition:ChoseOrder
2017-03-30 15:57:20 EXEC TRACE - VendingMachine@obj0 enters choice:CheckTicket
2017-03-30 15:57:20 EXEC TRACE - VendingMachine@obj0 leaves choice:CheckTicket
2017-03-30 15:57:20 EXEC TRACE - VendingMachine@obj0 uses transition:NotFind
2017-03-30 15:57:20 EXEC TRACE - VendingMachine@obj0 enters state:NotAvailable
2017-03-30 15:57:20 EXEC TRACE - VendingMachine@obj0 processes signal:Stop
2017-03-30 15:57:20 EXEC TRACE - VendingMachine@obj0 leaves state:NotAvailable
2017-03-30 15:57:20 EXEC TRACE - VendingMachine@obj0 uses transition:Stopping
2017-03-30 15:57:20 EXEC TRACE - VendingMachine@obj0 enters state:Cancel
2017-03-30 16:08:39 EXEC TRACE - Model executor started.
2017-03-30 16:08:39 EXEC TRACE - VendingMachine@obj0 leaves initial:Init
2017-03-30 16:08:39 EXEC TRACE - VendingMachine@obj0 uses transition:Initialize
2017-03-30 16:08:39 USER  INFO - Starting to chose.
2017-03-30 16:08:39 EXEC TRACE - VendingMachine@obj0 enters state:SelectOrder
2017-03-30 16:48:20 EXEC TRACE - Model executor started.
2017-03-30 16:48:21 EXEC TRACE - VendingMachine@obj0 leaves initial:Init
2017-03-30 16:48:21 EXEC TRACE - VendingMachine@obj0 uses transition:Initialize
2017-03-30 16:48:21 USER  INFO - Starting to chose.
2017-03-30 16:48:21 EXEC TRACE - VendingMachine@obj0 enters state:SelectOrder
2017-03-30 16:48:35 EXEC TRACE - VendingMachine@obj0 processes signal:ClickOnOrder
2017-03-30 16:48:35 EXEC TRACE - VendingMachine@obj0 leaves state:SelectOrder
2017-03-30 16:48:35 EXEC TRACE - VendingMachine@obj0 uses transition:ChoseOrder
2017-03-30 16:48:35 EXEC TRACE - VendingMachine@obj0 enters choice:CheckTicket
2017-03-30 16:48:35 EXEC TRACE - VendingMachine@obj0 leaves choice:CheckTicket
2017-03-30 16:48:35 EXEC TRACE - VendingMachine@obj0 uses transition:NotFind
2017-03-30 16:48:35 EXEC TRACE - VendingMachine@obj0 enters state:NotAvailable
2017-03-30 16:48:35 EXEC TRACE - VendingMachine@obj0 processes signal:Stop
2017-03-30 16:48:35 EXEC TRACE - VendingMachine@obj0 leaves state:NotAvailable
2017-03-30 16:48:35 EXEC TRACE - VendingMachine@obj0 uses transition:Stopping
2017-03-30 16:48:35 EXEC TRACE - VendingMachine@obj0 enters state:Cancel
2017-03-30 16:50:03 EXEC TRACE - VendingMachine@obj0 processes signal:ClickOnOrder
2017-03-30 16:50:03 EXEC  WARN - A signal arrived to model object VendingMachine@obj0 but it was not processed by the object's state machine. The signal was: signal:ClickOnOrder
2017-03-30 16:50:03 EXEC TRACE - VendingMachine@obj0 processes signal:ClickOnOrder
2017-03-30 16:50:03 EXEC  WARN - A signal arrived to model object VendingMachine@obj0 but it was not processed by the object's state machine. The signal was: signal:ClickOnOrder
2017-03-30 16:50:10 EXEC TRACE - VendingMachine@obj0 processes signal:Reselect
2017-03-30 16:50:10 EXEC TRACE - Model executor started.
2017-03-30 16:50:10 EXEC  WARN - A signal arrived to model object VendingMachine@obj0 but it was not processed by the object's state machine. The signal was: signal:Reselect
2017-03-30 16:50:10 EXEC TRACE - VendingMachine@obj1 leaves initial:Init
2017-03-30 16:50:10 EXEC TRACE - VendingMachine@obj1 uses transition:Initialize
2017-03-30 16:50:10 USER  INFO - Starting to chose.
2017-03-30 16:50:10 EXEC TRACE - VendingMachine@obj1 enters state:SelectOrder
2017-03-30 16:50:11 EXEC TRACE - VendingMachine@obj1 processes signal:ClickOnOrder
2017-03-30 16:50:11 EXEC TRACE - VendingMachine@obj1 leaves state:SelectOrder
2017-03-30 16:50:11 EXEC TRACE - VendingMachine@obj1 uses transition:ChoseOrder
2017-03-30 16:50:11 EXEC TRACE - VendingMachine@obj1 enters choice:CheckTicket
2017-03-30 16:50:11 EXEC TRACE - VendingMachine@obj1 leaves choice:CheckTicket
2017-03-30 16:50:11 EXEC TRACE - VendingMachine@obj1 uses transition:NotFind
2017-03-30 16:50:11 EXEC TRACE - VendingMachine@obj1 enters state:NotAvailable
2017-03-30 16:50:11 EXEC TRACE - VendingMachine@obj1 processes signal:Reselect
2017-03-30 16:50:11 EXEC TRACE - VendingMachine@obj1 leaves state:NotAvailable
2017-03-30 16:50:11 EXEC TRACE - VendingMachine@obj1 uses transition:SelectAgain
2017-03-30 16:50:11 EXEC TRACE - VendingMachine@obj1 enters state:SelectOrder
